# JRE version: Java(TM) SE Runtime Environment (8.0_101-b13) (build 1.8.0_101-b13)
# Java VM: Java HotSpot(TM) 64-Bit Server VM (25.101-b13 mixed mode windows-amd64 compressed oops)
Heap:
 PSYoungGen      total 141312K, used 73295K [0x00000000d5d80000, 0x00000000dfd80000, 0x0000000100000000)
  eden space 129536K, 47% used [0x00000000d5d80000,0x00000000d9994a08,0x00000000ddc00000)
  from space 11776K, 99% used [0x00000000deb00000,0x00000000df67f2b8,0x00000000df680000)
  to   space 15360K, 0% used [0x00000000ddc00000,0x00000000ddc00000,0x00000000deb00000)
 ParOldGen       total 87552K, used 17414K [0x0000000081800000, 0x0000000086d80000, 0x00000000d5d80000)
  object space 87552K, 19% used [0x0000000081800000,0x00000000829018b0,0x0000000086d80000)
 Metaspace       used 13967K, capacity 14138K, committed 14208K, reserved 1060864K
  class space    used 1881K, capacity 1917K, committed 1920K, reserved 1048576K
GC Heap History (10 events):
Event: 1.610 GC heap before
{Heap before GC invocations=2 (full 0):
 PSYoungGen      total 38400K, used 38383K [0x00000000d5d80000, 0x00000000d8800000, 0x0000000100000000)
  eden space 33280K, 100% used [0x00000000d5d80000,0x00000000d7e00000,0x00000000d7e00000)
  from space 5120K, 99% used [0x00000000d7e00000,0x00000000d82fbf60,0x00000000d8300000)
  to   space 5120K, 0% used [0x00000000d8300000,0x00000000d8300000,0x00000000d8800000)
 ParOldGen       total 87552K, used 918K [0x0000000081800000, 0x0000000086d80000, 0x00000000d5d80000)
  object space 87552K, 1% used [0x0000000081800000,0x00000000818e5990,0x0000000086d80000)
 Metaspace       used 6977K, capacity 7156K, committed 7296K, reserved 1056768K
  class space    used 850K, capacity 892K, committed 896K, reserved 1048576K
Event: 1.616 GC heap after
Heap after GC invocations=2 (full 0):
 PSYoungGen      total 38400K, used 5117K [0x00000000d5d80000, 0x00000000d8800000, 0x0000000100000000)
  eden space 33280K, 0% used [0x00000000d5d80000,0x00000000d5d80000,0x00000000d7e00000)
  from space 5120K, 99% used [0x00000000d8300000,0x00000000d87ff738,0x00000000d8800000)
  to   space 5120K, 0% used [0x00000000d7e00000,0x00000000d7e00000,0x00000000d8300000)
 ParOldGen       total 87552K, used 1998K [0x0000000081800000, 0x0000000086d80000, 0x00000000d5d80000)
  object space 87552K, 2% used [0x0000000081800000,0x00000000819f3b28,0x0000000086d80000)
 Metaspace       used 6977K, capacity 7156K, committed 7296K, reserved 1056768K
  class space    used 850K, capacity 892K, committed 896K, reserved 1048576K
}
Event: 2.388 GC heap before
{Heap before GC invocations=3 (full 0):
 PSYoungGen      total 38400K, used 38397K [0x00000000d5d80000, 0x00000000d8800000, 0x0000000100000000)
  eden space 33280K, 100% used [0x00000000d5d80000,0x00000000d7e00000,0x00000000d7e00000)
  from space 5120K, 99% used [0x00000000d8300000,0x00000000d87ff738,0x00000000d8800000)
  to   space 5120K, 0% used [0x00000000d7e00000,0x00000000d7e00000,0x00000000d8300000)
 ParOldGen       total 87552K, used 1998K [0x0000000081800000, 0x0000000086d80000, 0x00000000d5d80000)
  object space 87552K, 2% used [0x0000000081800000,0x00000000819f3b28,0x0000000086d80000)
 Metaspace       used 8159K, capacity 8308K, committed 8448K, reserved 1056768K
  class space    used 1010K, capacity 1020K, committed 1024K, reserved 1048576K
Event: 2.405 GC heap after
Heap after GC invocations=3 (full 0):
 PSYoungGen      total 38400K, used 5088K [0x00000000d5d80000, 0x00000000da880000, 0x0000000100000000)
  eden space 33280K, 0% used [0x00000000d5d80000,0x00000000d5d80000,0x00000000d7e00000)
  from space 5120K, 99% used [0x00000000d7e00000,0x00000000d82f8380,0x00000000d8300000)
  to   space 5120K, 0% used [0x00000000da380000,0x00000000da380000,0x00000000da880000)
 ParOldGen       total 87552K, used 4018K [0x0000000081800000, 0x0000000086d80000, 0x00000000d5d80000)
  object space 87552K, 4% used [0x0000000081800000,0x0000000081beca90,0x0000000086d80000)
 Metaspace       used 8159K, capacity 8308K, committed 8448K, reserved 1056768K
  class space    used 1010K, capacity 1020K, committed 1024K, reserved 1048576K
}
Event: 3.086 GC heap before
{Heap before GC invocations=4 (full 0):
 PSYoungGen      total 38400K, used 38368K [0x00000000d5d80000, 0x00000000da880000, 0x0000000100000000)
  eden space 33280K, 100% used [0x00000000d5d80000,0x00000000d7e00000,0x00000000d7e00000)
  from space 5120K, 99% used [0x00000000d7e00000,0x00000000d82f8380,0x00000000d8300000)
  to   space 5120K, 0% used [0x00000000da380000,0x00000000da380000,0x00000000da880000)
 ParOldGen       total 87552K, used 4018K [0x0000000081800000, 0x0000000086d80000, 0x00000000d5d80000)
  object space 87552K, 4% used [0x0000000081800000,0x0000000081beca90,0x0000000086d80000)
 Metaspace       used 9258K, capacity 9460K, committed 9728K, reserved 1058816K
  class space    used 1164K, capacity 1212K, committed 1280K, reserved 1048576K
Event: 3.101 GC heap after
Heap after GC invocations=4 (full 0):
 PSYoungGen      total 71680K, used 5091K [0x00000000d5d80000, 0x00000000da880000, 0x0000000100000000)
  eden space 66560K, 0% used [0x00000000d5d80000,0x00000000d5d80000,0x00000000d9e80000)
  from space 5120K, 99% used [0x00000000da380000,0x00000000da878d30,0x00000000da880000)
  to   space 5120K, 0% used [0x00000000d9e80000,0x00000000d9e80000,0x00000000da380000)
 ParOldGen       total 87552K, used 6175K [0x0000000081800000, 0x0000000086d80000, 0x00000000d5d80000)
  object space 87552K, 7% used [0x0000000081800000,0x0000000081e07cb8,0x0000000086d80000)
 Metaspace       used 9258K, capacity 9460K, committed 9728K, reserved 1058816K
  class space    used 1164K, capacity 1212K, committed 1280K, reserved 1048576K
}
Event: 3.720 GC heap before
{Heap before GC invocations=5 (full 0):
 PSYoungGen      total 71680K, used 71651K [0x00000000d5d80000, 0x00000000da880000, 0x0000000100000000)
  eden space 66560K, 100% used [0x00000000d5d80000,0x00000000d9e80000,0x00000000d9e80000)
  from space 5120K, 99% used [0x00000000da380000,0x00000000da878d30,0x00000000da880000)
  to   space 5120K, 0% used [0x00000000d9e80000,0x00000000d9e80000,0x00000000da380000)
 ParOldGen       total 87552K, used 6175K [0x0000000081800000, 0x0000000086d80000, 0x00000000d5d80000)
  object space 87552K, 7% used [0x0000000081800000,0x0000000081e07cb8,0x0000000086d80000)
 Metaspace       used 11765K, capacity 11956K, committed 12032K, reserved 1060864K
  class space    used 1513K, capacity 1532K, committed 1536K, reserved 1048576K
Event: 3.734 GC heap after
Heap after GC invocations=5 (full 0):
 PSYoungGen      total 71680K, used 5090K [0x00000000d5d80000, 0x00000000df680000, 0x0000000100000000)
  eden space 66560K, 0% used [0x00000000d5d80000,0x00000000d5d80000,0x00000000d9e80000)
  from space 5120K, 99% used [0x00000000d9e80000,0x00000000da378800,0x00000000da380000)
  to   space 11776K, 0% used [0x00000000deb00000,0x00000000deb00000,0x00000000df680000)
 ParOldGen       total 87552K, used 13807K [0x0000000081800000, 0x0000000086d80000, 0x00000000d5d80000)
  object space 87552K, 15% used [0x0000000081800000,0x000000008257be58,0x0000000086d80000)
 Metaspace       used 11765K, capacity 11956K, committed 12032K, reserved 1060864K
  class space    used 1513K, capacity 1532K, committed 1536K, reserved 1048576K
}
Event: 4.402 GC heap before
{Heap before GC invocations=6 (full 0):
 PSYoungGen      total 71680K, used 71650K [0x00000000d5d80000, 0x00000000df680000, 0x0000000100000000)
  eden space 66560K, 100% used [0x00000000d5d80000,0x00000000d9e80000,0x00000000d9e80000)
  from space 5120K, 99% used [0x00000000d9e80000,0x00000000da378800,0x00000000da380000)
  to   space 11776K, 0% used [0x00000000deb00000,0x00000000deb00000,0x00000000df680000)
 ParOldGen       total 87552K, used 13807K [0x0000000081800000, 0x0000000086d80000, 0x00000000d5d80000)
  object space 87552K, 15% used [0x0000000081800000,0x000000008257be58,0x0000000086d80000)
 Metaspace       used 13875K, capacity 14074K, committed 14208K, reserved 1060864K
  class space    used 1874K, capacity 1917K, committed 1920K, reserved 1048576K
Event: 4.420 GC heap after
Heap after GC invocations=6 (full 0):
 PSYoungGen      total 141312K, used 11772K [0x00000000d5d80000, 0x00000000dfd80000, 0x0000000100000000)
  eden space 129536K, 0% used [0x00000000d5d80000,0x00000000d5d80000,0x00000000ddc00000)
  from space 11776K, 99% used [0x00000000deb00000,0x00000000df67f2b8,0x00000000df680000)
  to   space 15360K, 0% used [0x00000000ddc00000,0x00000000ddc00000,0x00000000deb00000)
 ParOldGen       total 87552K, used 17414K [0x0000000081800000, 0x0000000086d80000, 0x00000000d5d80000)
  object space 87552K, 19% used [0x0000000081800000,0x00000000829018b0,0x0000000086d80000)
 Metaspace       used 13875K, capacity 14074K, committed 14208K, reserved 1060864K
  class space    used 1874K, capacity 1917K, committed 1920K, reserved 1048576K
}

